<?xml version="1.0" encoding="UTF-8"?>
<testsuite name="com.seop.haksa.ApplicationTest" tests="1" skipped="0" failures="0" errors="0" timestamp="2022-12-26T08:51:53" hostname="gimtaeseob-ui-MacBookAir.local" time="0.072">
  <properties/>
  <testcase name="main()" classname="com.seop.haksa.ApplicationTest" time="0.072"/>
  <system-out><![CDATA[]]></system-out>
  <system-err><![CDATA[]]></system-err>
</testsuite>
